d:\web\c++\vs2017workplace\internet_code_tcp_udp\internet_code_tcp_udp\debug\vc141.pdb
d:\web\c++\vs2017workplace\internet_code_tcp_udp\internet_code_tcp_udp\debug\vc141.idb
d:\web\c++\vs2017workplace\internet_code_tcp_udp\internet_code_tcp_udp\debug\tcp_server.obj
d:\web\c++\vs2017workplace\internet_code_tcp_udp\internet_code_tcp_udp\debug\tcp_client.obj
d:\web\c++\vs2017workplace\internet_code_tcp_udp\internet_code_tcp_udp\debug\stdafx.obj
d:\web\c++\vs2017workplace\tcp_client\internet_code_tcp_udp\debug\vc141.pdb
d:\web\c++\vs2017workplace\tcp_client\internet_code_tcp_udp\debug\vc141.idb
d:\web\c++\vs2017workplace\tcp_client\internet_code_tcp_udp\debug\tcp_server.obj
d:\web\c++\vs2017workplace\tcp_client\internet_code_tcp_udp\debug\tcp_client.obj
d:\web\c++\vs2017workplace\tcp_client\internet_code_tcp_udp\debug\stdafx.obj
d:\web\c++\vs2017workplace\tcp_client\debug\internet_code_tcp_udp.pdb
d:\web\c++\vs2017workplace\tcp_client\internet_code_tcp_udp\debug\internet.af7dfa45.tlog\cl.command.1.tlog
d:\web\c++\vs2017workplace\tcp_client\internet_code_tcp_udp\debug\internet.af7dfa45.tlog\cl.read.1.tlog
d:\web\c++\vs2017workplace\tcp_client\internet_code_tcp_udp\debug\internet.af7dfa45.tlog\cl.write.1.tlog
d:\web\c++\vs2017workplace\tcp_client\internet_code_tcp_udp\debug\internet.af7dfa45.tlog\link-cvtres.read.1.tlog
d:\web\c++\vs2017workplace\tcp_client\internet_code_tcp_udp\debug\internet.af7dfa45.tlog\link-cvtres.write.1.tlog
d:\web\c++\vs2017workplace\tcp_client\internet_code_tcp_udp\debug\internet.af7dfa45.tlog\link-rc.read.1.tlog
d:\web\c++\vs2017workplace\tcp_client\internet_code_tcp_udp\debug\internet.af7dfa45.tlog\link-rc.write.1.tlog
d:\web\c++\vs2017workplace\tcp_client\internet_code_tcp_udp\debug\internet.af7dfa45.tlog\link.command.1.tlog
d:\web\c++\vs2017workplace\tcp_client\internet_code_tcp_udp\debug\internet.af7dfa45.tlog\link.read.1.tlog
d:\web\c++\vs2017workplace\tcp_client\internet_code_tcp_udp\debug\internet.af7dfa45.tlog\link.write.1.tlog
